0 info it worked if it ends with ok
1 verbose cli [ 'C:\\nodejs\\node.exe',
1 verbose cli   'C:\\nodejs\\node_modules\\npm\\bin\\npm-cli.js',
1 verbose cli   'run',
1 verbose cli   'start' ]
2 info using npm@3.10.10
3 info using node@v6.10.3
4 verbose run-script [ 'prestart', 'start', 'poststart' ]
5 info lifecycle data_render@1.0.0~prestart: data_render@1.0.0
6 silly lifecycle data_render@1.0.0~prestart: no script for prestart, continuing
7 info lifecycle data_render@1.0.0~start: data_render@1.0.0
8 verbose lifecycle data_render@1.0.0~start: unsafe-perm in lifecycle true
9 verbose lifecycle data_render@1.0.0~start: PATH: C:\nodejs\node_modules\npm\bin\node-gyp-bin;D:\My_Project\InitProject\node_modules\.bin;C:\ProgramData\Oracle\Java\javapath;C:\Windows\system32;C:\Windows;C:\Windows\System32\Wbem;C:\Windows\System32\WindowsPowerShell\v1.0\;C:\Program Files (x86)\NVIDIA Corporation\PhysX\Common;C:\nodejs\;C:\Program Files\MySQL\MySQL Utilities 1.6\;C:\Program Files\Git\cmd;C:\Users\Administrator\AppData\Local\Microsoft\WindowsApps;C:\Program Files (x86)\Microsoft VS Code\bin;d:\Program Files (x86)\SSH Communications Security\SSH Secure Shell;C:\Users\Administrator\AppData\Roaming\npm;D:\MongoDB\Server\3.4\bin
10 verbose lifecycle data_render@1.0.0~start: CWD: D:\My_Project\InitProject
11 silly lifecycle data_render@1.0.0~start: Args: [ '/d /s /c', 'gulp server' ]
12 silly lifecycle data_render@1.0.0~start: Returned: code: 3221225786  signal: null
13 info lifecycle data_render@1.0.0~start: Failed to exec start script
14 verbose stack Error: data_render@1.0.0 start: `gulp server`
14 verbose stack Exit status 3221225786
14 verbose stack     at EventEmitter.<anonymous> (C:\nodejs\node_modules\npm\lib\utils\lifecycle.js:255:16)
14 verbose stack     at emitTwo (events.js:106:13)
14 verbose stack     at EventEmitter.emit (events.js:191:7)
14 verbose stack     at ChildProcess.<anonymous> (C:\nodejs\node_modules\npm\lib\utils\spawn.js:40:14)
14 verbose stack     at emitTwo (events.js:106:13)
14 verbose stack     at ChildProcess.emit (events.js:191:7)
14 verbose stack     at maybeClose (internal/child_process.js:886:16)
14 verbose stack     at Process.ChildProcess._handle.onexit (internal/child_process.js:226:5)
15 verbose pkgid data_render@1.0.0
16 verbose cwd D:\My_Project\InitProject
17 error Windows_NT 10.0.14393
18 error argv "C:\\nodejs\\node.exe" "C:\\nodejs\\node_modules\\npm\\bin\\npm-cli.js" "run" "start"
19 error node v6.10.3
20 error npm  v3.10.10
21 error code ELIFECYCLE
22 error data_render@1.0.0 start: `gulp server`
22 error Exit status 3221225786
23 error Failed at the data_render@1.0.0 start script 'gulp server'.
23 error Make sure you have the latest version of node.js and npm installed.
23 error If you do, this is most likely a problem with the data_render package,
23 error not with npm itself.
23 error Tell the author that this fails on your system:
23 error     gulp server
23 error You can get information on how to open an issue for this project with:
23 error     npm bugs data_render
23 error Or if that isn't available, you can get their info via:
23 error     npm owner ls data_render
23 error There is likely additional logging output above.
24 verbose exit [ 1, true ]
